<?xml version="1.0" encoding="UTF-8"?>
<testsuite xmlns:xsi="http://www.w3.org/2001/XMLSchema-instance" xsi:noNamespaceSchemaLocation="https://maven.apache.org/surefire/maven-surefire-plugin/xsd/surefire-test-report.xsd" name="br.ufscar.dc.compiladores.t3.AppTest" time="0.075" tests="1" errors="0" skipped="0" failures="0">
  <properties>
    <property name="java.specification.version" value="17"/>
    <property name="sun.cpu.isalist" value="amd64"/>
    <property name="sun.jnu.encoding" value="Cp1252"/>
    <property name="java.class.path" value="D:\Users\Arata\Documents\GitHub\COMP_24_1\T3\t3\target\test-classes;D:\Users\Arata\Documents\GitHub\COMP_24_1\T3\t3\target\classes;C:\Users\rafan_jx4ja2o\.m2\repository\junit\junit\4.11\junit-4.11.jar;C:\Users\rafan_jx4ja2o\.m2\repository\org\hamcrest\hamcrest-core\1.3\hamcrest-core-1.3.jar;C:\Users\rafan_jx4ja2o\.m2\repository\org\antlr\antlr4\4.11.1\antlr4-4.11.1-complete.jar;C:\Users\rafan_jx4ja2o\.m2\repository\org\antlr\antlr4-runtime\4.11.1\antlr4-runtime-4.11.1.jar;C:\Users\rafan_jx4ja2o\.m2\repository\org\antlr\antlr-runtime\3.5.3\antlr-runtime-3.5.3.jar;C:\Users\rafan_jx4ja2o\.m2\repository\org\antlr\ST4\4.3.4\ST4-4.3.4.jar;C:\Users\rafan_jx4ja2o\.m2\repository\org\abego\treelayout\org.abego.treelayout.core\1.0.3\org.abego.treelayout.core-1.0.3.jar;C:\Users\rafan_jx4ja2o\.m2\repository\org\glassfish\javax.json\1.1.4\javax.json-1.1.4.jar;C:\Users\rafan_jx4ja2o\.m2\repository\com\ibm\icu\icu4j\71.1\icu4j-71.1.jar;"/>
    <property name="java.vm.vendor" value="Oracle Corporation"/>
    <property name="sun.arch.data.model" value="64"/>
    <property name="user.variant" value=""/>
    <property name="java.vendor.url" value="https://java.oracle.com/"/>
    <property name="user.timezone" value="America/Sao_Paulo"/>
    <property name="os.name" value="Windows 11"/>
    <property name="java.vm.specification.version" value="17"/>
    <property name="sun.java.launcher" value="SUN_STANDARD"/>
    <property name="user.country" value="US"/>
    <property name="sun.boot.library.path" value="D:\Program Files\Java\jdk-17\bin"/>
    <property name="sun.java.command" value="C:\Users\RAFAN_~1\AppData\Local\Temp\surefire9802059627945609367\surefirebooter113134524382683016.jar C:\Users\rafan_jx4ja2o\AppData\Local\Temp\surefire9802059627945609367 2024-09-04T23-35-48_827-jvmRun1 surefire14268313318017964276tmp surefire_011831566587091290902tmp"/>
    <property name="jdk.debug" value="release"/>
    <property name="surefire.test.class.path" value="D:\Users\Arata\Documents\GitHub\COMP_24_1\T3\t3\target\test-classes;D:\Users\Arata\Documents\GitHub\COMP_24_1\T3\t3\target\classes;C:\Users\rafan_jx4ja2o\.m2\repository\junit\junit\4.11\junit-4.11.jar;C:\Users\rafan_jx4ja2o\.m2\repository\org\hamcrest\hamcrest-core\1.3\hamcrest-core-1.3.jar;C:\Users\rafan_jx4ja2o\.m2\repository\org\antlr\antlr4\4.11.1\antlr4-4.11.1-complete.jar;C:\Users\rafan_jx4ja2o\.m2\repository\org\antlr\antlr4-runtime\4.11.1\antlr4-runtime-4.11.1.jar;C:\Users\rafan_jx4ja2o\.m2\repository\org\antlr\antlr-runtime\3.5.3\antlr-runtime-3.5.3.jar;C:\Users\rafan_jx4ja2o\.m2\repository\org\antlr\ST4\4.3.4\ST4-4.3.4.jar;C:\Users\rafan_jx4ja2o\.m2\repository\org\abego\treelayout\org.abego.treelayout.core\1.0.3\org.abego.treelayout.core-1.0.3.jar;C:\Users\rafan_jx4ja2o\.m2\repository\org\glassfish\javax.json\1.1.4\javax.json-1.1.4.jar;C:\Users\rafan_jx4ja2o\.m2\repository\com\ibm\icu\icu4j\71.1\icu4j-71.1.jar;"/>
    <property name="sun.cpu.endian" value="little"/>
    <property name="user.home" value="C:\Users\rafan_jx4ja2o"/>
    <property name="user.language" value="en"/>
    <property name="java.specification.vendor" value="Oracle Corporation"/>
    <property name="java.version.date" value="2024-01-16"/>
    <property name="java.home" value="D:\Program Files\Java\jdk-17"/>
    <property name="file.separator" value="\"/>
    <property name="basedir" value="D:\Users\Arata\Documents\GitHub\COMP_24_1\T3\t3"/>
    <property name="java.vm.compressedOopsMode" value="32-bit"/>
    <property name="line.separator" value="&#10;"/>
    <property name="java.vm.specification.vendor" value="Oracle Corporation"/>
    <property name="java.specification.name" value="Java Platform API Specification"/>
    <property name="surefire.real.class.path" value="C:\Users\RAFAN_~1\AppData\Local\Temp\surefire9802059627945609367\surefirebooter113134524382683016.jar"/>
    <property name="user.script" value=""/>
    <property name="sun.management.compiler" value="HotSpot 64-Bit Tiered Compilers"/>
    <property name="java.runtime.version" value="17.0.10+11-LTS-240"/>
    <property name="user.name" value="rafan_jx4ja2o"/>
    <property name="path.separator" value=";"/>
    <property name="os.version" value="10.0"/>
    <property name="java.runtime.name" value="Java(TM) SE Runtime Environment"/>
    <property name="file.encoding" value="Cp1252"/>
    <property name="java.vm.name" value="Java HotSpot(TM) 64-Bit Server VM"/>
    <property name="localRepository" value="C:\Users\rafan_jx4ja2o\.m2\repository"/>
    <property name="java.vendor.url.bug" value="https://bugreport.java.com/bugreport/"/>
    <property name="java.io.tmpdir" value="C:\Users\RAFAN_~1\AppData\Local\Temp\"/>
    <property name="java.version" value="17.0.10"/>
    <property name="user.dir" value="D:\Users\Arata\Documents\GitHub\COMP_24_1\T3\t3"/>
    <property name="os.arch" value="amd64"/>
    <property name="java.vm.specification.name" value="Java Virtual Machine Specification"/>
    <property name="sun.os.patch.level" value=""/>
    <property name="native.encoding" value="Cp1252"/>
    <property name="java.library.path" value="D:\Program Files\Java\jdk-17\bin;C:\WINDOWS\Sun\Java\bin;C:\WINDOWS\system32;C:\WINDOWS;C:\Python312\Scripts\;C:\Python312\;C:\Program Files\Common Files\Oracle\Java\javapath;C:\WINDOWS\system32;C:\WINDOWS;C:\WINDOWS\System32\Wbem;C:\WINDOWS\System32\WindowsPowerShell\v1.0\;C:\WINDOWS\System32\OpenSSH\;D:\Program Files\Microsoft VS Code\bin;D:\Program Files\kotlin-native-windows-x86_64-1.9.23\bin;D:\Program Files\apache-maven-3.9.6\bin;D:\Program Files\Git\cmd;D:\Program Files\nodejs\;C:\Users\rafan_jx4ja2o\AppData\Roaming\npm;C:\Program Files\MySQL\MySQL Shell 8.0\bin\;C:\Users\rafan_jx4ja2o\AppData\Local\Microsoft\WindowsApps;C:\Users\rafan_jx4ja2o\AppData\Local\GitHubDesktop\bin;C:\Users\rafan_jx4ja2o\AppData\Roaming\npm;;."/>
    <property name="java.vm.info" value="mixed mode, sharing"/>
    <property name="java.vendor" value="Oracle Corporation"/>
    <property name="java.vm.version" value="17.0.10+11-LTS-240"/>
    <property name="sun.io.unicode.encoding" value="UnicodeLittle"/>
    <property name="java.class.version" value="61.0"/>
  </properties>
  <testcase name="shouldAnswerWithTrue" classname="br.ufscar.dc.compiladores.t3.AppTest" time="0.006"/>
</testsuite>